[02/28/22, 10:13:20:950] info: 
╔══════════════════════════════════════════════════════╗
║      Slack 4.23.0, linux 5.16.11-arch1-1 on x64      ║
╚══════════════════════════════════════════════════════╝ 
[02/28/22, 10:13:20:950] info: Configured logger via 
{
  "shouldUseNewBackend": false,
  "loggerInstanceCount": 1
}
[02/28/22, 10:13:20:956] info: Predefined values for process 
{
  "NODE_ENV": "production",
  "platform": "linux",
  "type": "browser",
  "timeZone": "Europe/Oslo",
  "PACKAGE_MANIFEST.productName": "Slack",
  "PACKAGE_MANIFEST.version": "4.23.0",
  "PACKAGE_MANIFEST.commit": "8c4b013",
  "PACKAGE_MANIFEST.branch": "HEAD"
}
[02/28/22, 10:13:21:051] info: Starting Sentry 
[02/28/22, 10:13:21:051] info: persistUuid:: Generated uuid 
{
  "uuid": "0bf8c1eb-c972-4332-9692-d05675bad268"
}
[02/28/22, 10:13:21:052] info: persistUuid:: Uuid persisted successfully 
[02/28/22, 10:13:21:062] info: Could not load previous electron version 
[02/28/22, 10:13:21:126] info: Breadcrumb: electron: app.will-finish-launching 
[02/28/22, 10:13:21:129] info: Breadcrumb: electron: app.ready 
[02/28/22, 10:13:21:132] info: Breadcrumb: electron: app.session-created 
[02/28/22, 10:13:21:143] info: Store: persist/PERSIST 
[02/28/22, 10:13:21:145] info: Store: UPDATE_SETTINGS 
{
  "locale": "en-US"
}
[02/28/22, 10:13:21:147] info: Migrating from redux-persist@v4 
[02/28/22, 10:13:21:147] info: Finished migrating state 
{
  "keys": [
    "_persist"
  ],
  "version": 1
}
[02/28/22, 10:13:21:148] info: Store: persist/REHYDRATE 
{
  "_persist": "Persistence version: 1"
}
[02/28/22, 10:13:21:148] info: Store: RECORD_PERFORMANCE_TIMING 
{
  "phase": 0,
  "interval": 7
}
[02/28/22, 10:13:21:149] info: Store: INITIALIZE 
{
  "resourcePath": "/usr/lib/slack/resources/app.asar",
  "silent": true,
  "tsaToken": "[REDACTED]",
  "bootFragments": []
}
[02/28/22, 10:13:21:156] info: Store: SET_SESSION_MODE 
[02/28/22, 10:13:21:157] info: Feature Check: requesting features from https://app.slack.com/api/ 
[02/28/22, 10:13:21:164] error: Failed to load calls-desktop-interop.WindowBorderPanel 
{
  "error": {
    "stack": "Error: Module did not self-register: '/usr/lib/slack/resources/app.asar.unpacked/node_modules/@tinyspeck/calls-desktop-interop/build/Release/CallsDesktopInterop.node'.\n    at process.func [as dlopen] (node:electron/js2c/asar_bundle:5:1800)\n    at Object.Module._extensions..node (node:internal/modules/cjs/loader:1199:18)\n    at Object.func [as .node] (node:electron/js2c/asar_bundle:5:2027)\n    at Module.load (node:internal/modules/cjs/loader:988:32)\n    at Module._load (node:internal/modules/cjs/loader:829:12)\n    at Function.c._load (node:electron/js2c/asar_bundle:5:13331)\n    at Module.require (node:internal/modules/cjs/loader:1012:19)\n    at require (node:internal/modules/cjs/helpers:94:18)\n    at bindings (/usr/lib/slack/resources/app.asar/node_modules/bindings/bindings.js:112:48)\n    at Object.<anonymous> (/usr/lib/slack/resources/app.asar/node_modules/@tinyspeck/calls-desktop-interop/lib/index.js:1:34)",
    "message": "Module did not self-register: '/usr/lib/slack/resources/app.asar.unpacked/node_modules/@tinyspeck/calls-desktop-interop/build/Release/CallsDesktopInterop.node'.",
    "code": "ERR_DLOPEN_FAILED"
  },
  "stackFrameString": "[{\"columnNumber\":1800,\"lineNumber\":5,\"fileName\":\"node:electron/js2c/asar_bundle\",\"functionName\":\"process.func [as dlopen]\",\"source\":\"    at process.func [as dlopen] (node:electron/js2c/asar_bundle:5:1800)\"},{\"columnNumber\":18,\"lineNumber\":1199,\"fileName\":\"node:internal/modules/cjs/loader\",\"functionName\":\"Object.Module._extensions..node\",\"source\":\"    at Object.Module._extensions..node (node:internal/modules/cjs/loader:1199:18)\"},{\"columnNumber\":2027,\"lineNumber\":5,\"fileName\":\"node:electron/js2c/asar_bundle\",\"functionName\":\"Object.func [as .node]\",\"source\":\"    at Object.func [as .node] (node:electron/js2c/asar_bundle:5:2027)\"},{\"columnNumber\":32,\"lineNumber\":988,\"fileName\":\"node:internal/modules/cjs/loader\",\"functionName\":\"Module.load\",\"source\":\"    at Module.load (node:internal/modules/cjs/loader:988:32)\"},{\"columnNumber\":12,\"lineNumber\":829,\"fileName\":\"node:internal/modules/cjs/loader\",\"functionName\":\"Module._load\",\"source\":\"    at Module._load (node:internal/modules/cjs/loader:829:12)\"},{\"columnNumber\":13331,\"lineNumber\":5,\"fileName\":\"node:electron/js2c/asar_bundle\",\"functionName\":\"Function.c._load\",\"source\":\"    at Function.c._load (node:electron/js2c/asar_bundle:5:13331)\"},{\"columnNumber\":19,\"lineNumber\":1012,\"fileName\":\"node:internal/modules/cjs/loader\",\"functionName\":\"Module.require\",\"source\":\"    at Module.require (node:internal/modules/cjs/loader:1012:19)\"},{\"columnNumber\":18,\"lineNumber\":94,\"fileName\":\"node:internal/modules/cjs/helpers\",\"functionName\":\"require\",\"source\":\"    at require (node:internal/modules/cjs/helpers:94:18)\"},{\"columnNumber\":48,\"lineNumber\":112,\"fileName\":\"/usr/lib/slack/resources/app.asar/node_modules/bindings/bindings.js\",\"functionName\":\"bindings\",\"source\":\"    at bindings (/usr/lib/slack/resources/app.asar/node_modules/bindings/bindings.js:112:48)\"},{\"columnNumber\":34,\"lineNumber\":1,\"fileName\":\"/usr/lib/slack/resources/app.asar/node_modules/@tinyspeck/calls-desktop-interop/lib/index.js\",\"functionName\":\"Object.<anonymous>\",\"source\":\"    at Object.<anonymous> (/usr/lib/slack/resources/app.asar/node_modules/@tinyspeck/calls-desktop-interop/lib/index.js:1:34)\"}]"
}
[02/28/22, 10:13:21:179] warn: Failed to install protocol handler for slack:// links 
[02/28/22, 10:13:21:182] warn: Couldn't get Linux distro info from lsb_release, trying fallback to get Linux distro info 
{
  "error": {
    "stack": "Error: Command failed: lsb_release -a --short\n/bin/sh: line 1: lsb_release: command not found\n\n    at ChildProcess.exithandler (node:child_process:406:12)\n    at ChildProcess.emit (node:events:394:28)\n    at ChildProcess.emit (node:domain:475:12)\n    at maybeClose (node:internal/child_process:1064:16)\n    at Socket.<anonymous> (node:internal/child_process:450:11)\n    at Socket.emit (node:events:394:28)\n    at Socket.emit (node:domain:475:12)\n    at Pipe.<anonymous> (node:net:672:12)",
    "message": "Command failed: lsb_release -a --short\n/bin/sh: line 1: lsb_release: command not found\n",
    "killed": false,
    "code": 127,
    "signal": null,
    "cmd": "lsb_release -a --short",
    "stdout": "",
    "stderr": "/bin/sh: line 1: lsb_release: command not found\n"
  },
  "stackFrameString": "[{\"columnNumber\":12,\"lineNumber\":406,\"fileName\":\"node:child_process\",\"functionName\":\"ChildProcess.exithandler\",\"source\":\"    at ChildProcess.exithandler (node:child_process:406:12)\"},{\"columnNumber\":28,\"lineNumber\":394,\"fileName\":\"node:events\",\"functionName\":\"ChildProcess.emit\",\"source\":\"    at ChildProcess.emit (node:events:394:28)\"},{\"columnNumber\":12,\"lineNumber\":475,\"fileName\":\"node:domain\",\"functionName\":\"ChildProcess.emit\",\"source\":\"    at ChildProcess.emit (node:domain:475:12)\"},{\"columnNumber\":16,\"lineNumber\":1064,\"fileName\":\"node:internal/child_process\",\"functionName\":\"maybeClose\",\"source\":\"    at maybeClose (node:internal/child_process:1064:16)\"},{\"columnNumber\":11,\"lineNumber\":450,\"fileName\":\"node:internal/child_process\",\"functionName\":\"Socket.<anonymous>\",\"source\":\"    at Socket.<anonymous> (node:internal/child_process:450:11)\"},{\"columnNumber\":28,\"lineNumber\":394,\"fileName\":\"node:events\",\"functionName\":\"Socket.emit\",\"source\":\"    at Socket.emit (node:events:394:28)\"},{\"columnNumber\":12,\"lineNumber\":475,\"fileName\":\"node:domain\",\"functionName\":\"Socket.emit\",\"source\":\"    at Socket.emit (node:domain:475:12)\"},{\"columnNumber\":12,\"lineNumber\":672,\"fileName\":\"node:net\",\"functionName\":\"Pipe.<anonymous>\",\"source\":\"    at Pipe.<anonymous> (node:net:672:12)\"}]"
}
[02/28/22, 10:13:21:184] info: Breadcrumb: electron: app.gpu-info-update 
[02/28/22, 10:13:21:186] info: getLinuxDistro: getos 
{
  "res": {
    "os": "linux",
    "dist": "Arch Linux"
  }
}
[02/28/22, 10:13:21:187] info: Store: READY 
{
  "resourcePath": "/usr/lib/slack/resources/app.asar",
  "silent": true,
  "tsaToken": "[REDACTED]",
  "bootFragments": [],
  "appVersion": "4.23.0",
  "is64Bit": true,
  "isGpuCompositionAvailable": true,
  "isTitleBarHidden": false,
  "platform": "linux",
  "platformVersion": {
    "major": 5,
    "minor": 16,
    "build": 11
  },
  "releaseChannel": "prod",
  "developerMenuOverride": false,
  "uuid": "0bf8c1eb-c972-4332-9692-d05675bad268",
  "applicationProcessSessionId": "MGJmOGMxZWItYzk3Mi00MzMyLTk2OTItZDA1Njc1YmFkMjY4XzE2NDYwMzk2MDExNTA=",
  "distribution": "DDL",
  "clientEnvironment": 1000,
  "linux": {
    "os": "Arch Linux",
    "name": "Arch Linux ",
    "release": "",
    "codename": "",
    "desktopEnvironment": "i3"
  }
}
[02/28/22, 10:13:21:187] info: initializeApplicationEpic: trying to set ntlm credential domain for session 
{
  "sessionId": "PROD_DEFAULT_SESSION"
}
[02/28/22, 10:13:21:188] info: initializeApplicationEpic: Welcome to Slack 4.23.0 x64 
[02/28/22, 10:13:21:188] info: Breadcrumb: electron: PowerMonitor.newListener 
[02/28/22, 10:13:21:189] info: AutoLoginEpic: Checking for autologin. 
[02/28/22, 10:13:21:190] info: getIsUpdateSupported: Updates are not supported 
{
  "version": "4.23.0",
  "reasons": [
    "using Linux"
  ],
  "distribution": "DDL",
  "executable": "/usr/lib/slack"
}
[02/28/22, 10:13:21:199] info: Store: SET_ACCESSIBILITY_SUPPORT_ENABLED 
[02/28/22, 10:13:21:200] info: Store: CREATE_WINDOW 
{
  "type": "main"
}
[02/28/22, 10:13:21:200] info: Store: UPDATE_SETTINGS 
{
  "isSignedIntoSlackOrg": false
}
[02/28/22, 10:13:21:201] info: Breadcrumb: electron: PowerMonitor.newListener 
[02/28/22, 10:13:21:203] info: initialSettingsPayload: trying to invalidate settings 
{
  "payload": {
    "useHwAcceleration": true,
    "launchOnStartup": false,
    "PrefSSBFileDownloadPath": "/home/jamief/Downloads",
    "hasRunApp": true
  }
}
[02/28/22, 10:13:21:203] info: Store: UPDATE_SETTINGS 
{
  "useHwAcceleration": true,
  "launchOnStartup": false,
  "PrefSSBFileDownloadPath": "/home/jamief/Downloads",
  "hasRunApp": true
}
[02/28/22, 10:13:21:204] info: Store: SET_UPDATE_SUPPORTED 
[02/28/22, 10:13:21:223] info: Store: TOKEN_FILE_PROCESSED 
[02/28/22, 10:13:21:224] info: AutoLoginEpic: Processing token file for autologin. 
[02/28/22, 10:13:21:224] info: AutoLoginEpic: Completed autologin processing — successfully logged in 0 workspaces. 
[02/28/22, 10:13:21:224] info: AutoLoginEpic: Setting default sign-in team to null 
[02/28/22, 10:13:21:225] info: Store: AUTOLOGIN_TEAMS_COMPLETE 
[02/28/22, 10:13:21:225] info: Store: UPDATE_SETTINGS 
{
  "defaultSigninTeam": null
}
[02/28/22, 10:13:21:234] info: Breadcrumb: electron: app.web-contents-created 
[02/28/22, 10:13:21:235] info: Breadcrumb: electron: app.browser-window-created 
[02/28/22, 10:13:21:235] info: getSonicBaseURL: Booting into devEnv 
{
  "url": "https://app.slack.com"
}
[02/28/22, 10:13:21:238] info: MainWindowEpics: Setting main window ID 
{
  "id": 1
}
[02/28/22, 10:13:21:239] info: Store: WINDOW_CREATED 
{
  "type": "main",
  "id": 1,
  "frame": {
    "isHtmlFullScreen": false,
    "isFullScreen": false,
    "isMinimized": false,
    "isMaximized": false,
    "isVisible": false,
    "isFocused": false,
    "bounds": {
      "x": 560,
      "y": 240,
      "width": 800,
      "height": 600
    }
  }
}
[02/28/22, 10:13:21:241] info: Breadcrumb: electron: PowerMonitor.newListener 
[02/28/22, 10:13:21:241] info: Breadcrumb: electron: PowerMonitor.newListener 
[02/28/22, 10:13:21:242] info: Watching for keyboard layout changes 
[02/28/22, 10:13:21:243] info: Store: RECORD_PERFORMANCE_TIMING 
{
  "phase": 1,
  "interval": 92
}
[02/28/22, 10:13:21:243] info: Store: UPDATE_SETTINGS 
{
  "keyboardLayout": "gb"
}
[02/28/22, 10:13:21:245] info: registerLifeCycleEvents: Registering webContents:1 
[02/28/22, 10:13:21:246] info: Store: UPSERT_WEB_CONTENTS 
{
  "id": 1,
  "state": "unloaded"
}
[02/28/22, 10:13:21:253] info: System configuration information 
{
  "info": {
    "total_memory_in_gb": 15,
    "gpuFeatures": {
      "2d_canvas": "enabled",
      "canvas_oop_rasterization": "disabled_off",
      "gpu_compositing": "enabled",
      "multiple_raster_threads": "enabled_on",
      "oop_rasterization": "disabled_off",
      "opengl": "enabled_on",
      "rasterization": "disabled_software",
      "raw_draw": "disabled_off_ok",
      "skia_renderer": "enabled_on",
      "video_decode": "disabled_software",
      "vulkan": "disabled_off",
      "webgl": "enabled",
      "webgl2": "enabled"
    },
    "cpu_model": "11th Gen Intel(R) Core(TM) i5-1145G7 @ 2.60GHz",
    "cpu_logical_core": 8,
    "cpu_clock_speed": 2600,
    "gpuDevice": [
      {
        "active": true,
        "cudaComputeCapabilityMajor": 0,
        "deviceId": 39497,
        "vendorId": 32902
      }
    ],
    "machine_model_name": "unknown",
    "machine_model_version": "unknown",
    "crash_db_size_kb": 1
  }
}
[02/28/22, 10:13:21:364] info: Finished download of spellcheck dictionary 
{
  "code": "en-GB"
}
[02/28/22, 10:13:21:365] info: Spellcheck dictionary initialized 
{
  "code": "en-GB"
}
[02/28/22, 10:13:21:391] info: Feature Check: received experiments 
{
  "ok": true,
  "experiments": []
}
[02/28/22, 10:13:21:693] info: Breadcrumb: electron: WebContents[1].dom-ready 
[02/28/22, 10:13:21:694] info: registerLifeCycleEvents: webContents:1 from 'unloaded' to 'loaded' took 448 ms 
[02/28/22, 10:13:21:694] info: Store: UPSERT_WEB_CONTENTS 
{
  "id": 1,
  "state": "loaded"
}
[02/28/22, 10:13:21:695] info: initializeMainWindowEpic: Showing main window 
{
  "maximized": false,
  "shouldHide": false,
  "fullScreen": false
}
[02/28/22, 10:13:21:698] info: Store: RECORD_PERFORMANCE_TIMING 
{
  "phase": 2,
  "interval": 454
}
[02/28/22, 10:13:21:698] info: Store: SET_WINDOW_FRAME 
{
  "id": 1,
  "frame": {
    "isVisible": true
  },
  "fromEvent": true
}
[02/28/22, 10:13:21:698] info: Store: MAIN_WINDOW_SHOWN 
[02/28/22, 10:13:21:701] info: Store: UPDATE_SETTINGS 
{
  "mainWindowSettings": {
    "fullScreen": false,
    "maximized": false,
    "bounds": {
      "x": 448,
      "y": 156,
      "width": 1024,
      "height": 768
    }
  }
}
[02/28/22, 10:13:21:702] info: Store: CLEAR_NOTIFICATIONS 
[02/28/22, 10:13:21:705] info: waitAuthCookieChange: waiting for auth change for session 
{
  "sessionId": "PROD_DEFAULT_SESSION"
}
[02/28/22, 10:13:21:708] info: Store: SET_WINDOW_FRAME 
{
  "id": 1,
  "frame": {
    "isFullScreen": false
  },
  "fromEvent": true
}
[02/28/22, 10:13:21:711] info: Breadcrumb: electron: app.browser-window-focus 
[02/28/22, 10:13:21:711] info: Store: SET_WINDOW_FRAME 
{
  "id": 1,
  "frame": {
    "isFocused": true
  },
  "fromEvent": true
}
[02/28/22, 10:13:21:741] info: registerLifeCycleEvents: webContents:1 is type 'app' 
[02/28/22, 10:13:21:742] info: Store: UPSERT_WEB_CONTENTS 
{
  "id": 1,
  "type": "app",
  "history": "[REDACTED]"
}
[02/28/22, 10:13:21:745] info: Store: SET_WINDOW_FRAME 
{
  "id": 1,
  "frame": {
    "isVisible": true,
    "isFocused": true
  },
  "fromEvent": true
}
[02/28/22, 10:13:22:144] info: Store: SET_NETWORK_STATUS online
[02/28/22, 10:13:22:709] info: Store: SET_WINDOW_FRAME 
{
  "id": 1,
  "frame": {
    "bounds": {
      "x": 655,
      "y": 50,
      "width": 610,
      "height": 1005
    },
    "isMaximized": false
  },
  "fromEvent": true
}
[02/28/22, 10:13:22:712] info: Store: SET_WINDOW_FRAME 
{
  "id": 1,
  "frame": {
    "bounds": {
      "x": 655,
      "y": 50,
      "width": 610,
      "height": 1005
    },
    "isMaximized": false
  },
  "fromEvent": true
}
[02/28/22, 10:13:22:776] info: Store: UPDATE_SETTINGS 
{
  "mainWindowSettings": {
    "fullScreen": false,
    "maximized": false,
    "bounds": {
      "x": 655,
      "y": 50,
      "width": 610,
      "height": 1005
    }
  }
}
[02/28/22, 10:13:26:146] info: Store: persist/FLUSH 
[02/28/22, 10:13:26:329] info: actionForExternalWindowURL: Opening external window 
[02/28/22, 10:13:26:335] info: openExternal: Successfully opened external URL 
{
  "protocol": "https:",
  "trigger": 0
}
[02/28/22, 10:13:31:078] info: Breadcrumb: electron: app.browser-window-blur 
[02/28/22, 10:13:31:078] info: Store: SET_WINDOW_FRAME 
{
  "id": 1,
  "frame": {
    "isFocused": false
  },
  "fromEvent": true
}
[02/28/22, 10:13:46:820] info: Breadcrumb: electron: app.browser-window-focus 
[02/28/22, 10:13:46:821] info: Store: SET_WINDOW_FRAME 
{
  "id": 1,
  "frame": {
    "isFocused": true
  },
  "fromEvent": true
}
[02/28/22, 10:13:49:184] info: Breadcrumb: electron: app.browser-window-blur 
[02/28/22, 10:13:49:185] info: Store: SET_WINDOW_FRAME 
{
  "id": 1,
  "frame": {
    "isFocused": false
  },
  "fromEvent": true
}
[02/28/22, 10:14:10:580] info: Breadcrumb: electron: app.browser-window-focus 
[02/28/22, 10:14:10:580] info: Store: SET_WINDOW_FRAME 
{
  "id": 1,
  "frame": {
    "isFocused": true
  },
  "fromEvent": true
}
[02/28/22, 10:14:11:642] info: Breadcrumb: electron: app.browser-window-blur 
[02/28/22, 10:14:11:642] info: Store: SET_WINDOW_FRAME 
{
  "id": 1,
  "frame": {
    "isFocused": false
  },
  "fromEvent": true
}
[02/28/22, 10:14:12:642] info: Store: SET_WINDOW_FRAME 
{
  "id": 1,
  "frame": {
    "bounds": {
      "x": 495,
      "y": 50,
      "width": 450,
      "height": 1005
    },
    "isMaximized": false
  },
  "fromEvent": true
}
[02/28/22, 10:14:12:644] info: Store: SET_WINDOW_FRAME 
{
  "id": 1,
  "frame": {
    "bounds": {
      "x": 495,
      "y": 50,
      "width": 450,
      "height": 1005
    },
    "isMaximized": false
  },
  "fromEvent": true
}
[02/28/22, 10:14:12:707] info: Store: UPDATE_SETTINGS 
{
  "mainWindowSettings": {
    "fullScreen": false,
    "maximized": false,
    "bounds": {
      "x": 495,
      "y": 50,
      "width": 450,
      "height": 1005
    }
  }
}
[02/28/22, 10:14:14:795] info: Breadcrumb: electron: app.browser-window-focus 
[02/28/22, 10:14:14:796] info: Store: SET_WINDOW_FRAME 
{
  "id": 1,
  "frame": {
    "isFocused": true
  },
  "fromEvent": true
}
[02/28/22, 10:14:15:795] info: Store: SET_WINDOW_FRAME 
{
  "id": 1,
  "frame": {
    "bounds": {
      "x": 655,
      "y": 50,
      "width": 610,
      "height": 1005
    },
    "isMaximized": false
  },
  "fromEvent": true
}
[02/28/22, 10:14:15:798] info: Store: SET_WINDOW_FRAME 
{
  "id": 1,
  "frame": {
    "bounds": {
      "x": 655,
      "y": 50,
      "width": 610,
      "height": 1005
    },
    "isMaximized": false
  },
  "fromEvent": true
}
[02/28/22, 10:14:15:860] info: Store: UPDATE_SETTINGS 
{
  "mainWindowSettings": {
    "fullScreen": false,
    "maximized": false,
    "bounds": {
      "x": 655,
      "y": 50,
      "width": 610,
      "height": 1005
    }
  }
}
[02/28/22, 10:14:16:066] info: Breadcrumb: electron: app.browser-window-blur 
[02/28/22, 10:14:16:066] info: Store: SET_WINDOW_FRAME 
{
  "id": 1,
  "frame": {
    "isFocused": false
  },
  "fromEvent": true
}
[02/28/22, 10:14:21:190] info: Store: UPDATE_SETTINGS 
{
  "lastClogForProxyInfo": 1646039661190
}
[02/28/22, 10:15:34:079] info: Breadcrumb: electron: app.browser-window-focus 
[02/28/22, 10:15:34:079] info: Store: SET_WINDOW_FRAME 
{
  "id": 1,
  "frame": {
    "isFocused": true
  },
  "fromEvent": true
}
[02/28/22, 10:15:35:707] info: actionForExternalWindowURL: Opening external window 
[02/28/22, 10:15:35:711] info: openExternal: Successfully opened external URL 
{
  "protocol": "https:",
  "trigger": 0
}
[02/28/22, 10:15:38:401] info: Breadcrumb: electron: app.browser-window-blur 
[02/28/22, 10:15:38:401] info: Store: SET_WINDOW_FRAME 
{
  "id": 1,
  "frame": {
    "isFocused": false
  },
  "fromEvent": true
}
[02/28/22, 10:15:38:707] info: Breadcrumb: electron: app.browser-window-focus 
[02/28/22, 10:15:38:708] info: Store: SET_WINDOW_FRAME 
{
  "id": 1,
  "frame": {
    "isFocused": true
  },
  "fromEvent": true
}
[02/28/22, 10:15:40:402] info: Breadcrumb: electron: app.browser-window-blur 
[02/28/22, 10:15:40:402] info: Store: SET_WINDOW_FRAME 
{
  "id": 1,
  "frame": {
    "isFocused": false
  },
  "fromEvent": true
}
[02/28/22, 10:16:01:969] info: Breadcrumb: electron: app.second-instance 
[02/28/22, 10:16:01:970] info: secondInstanceEpic: Received deep link protocol activation 
[02/28/22, 10:16:01:970] info: Store: HANDLE_DEEP_LINK 
{
  "url": "slack://T021DNU7SRH/magic-login/3179357878369-c83948cea9ed076e29f376e4c4885f234ca7149058fd908d42fa3affc9fe7e5b/TD2R95D62/magic-login/3160097558998-88a43a9be4783bdeb559dbccee84d88a78158ecac424b410fe16a08077090039"
}
[02/28/22, 10:16:01:972] info: Breadcrumb: electron: app.web-contents-created 
[02/28/22, 10:16:01:972] info: Breadcrumb: electron: app.browser-window-created 
[02/28/22, 10:16:01:973] info: MagicLogin: Making magic login API request to https://app.slack.com/api/ 
[02/28/22, 10:16:01:975] info: Store: MAGIC_LOGIN_IN_PROGRESS true
[02/28/22, 10:16:01:976] info: registerLifeCycleEvents: Registering webContents:2 
[02/28/22, 10:16:01:976] info: Store: UPSERT_WEB_CONTENTS 
{
  "id": 2,
  "state": "unloaded"
}
[02/28/22, 10:16:02:315] info: Store: UPSERT_WEB_CONTENTS 
{
  "id": 1,
  "history": "[REDACTED]"
}
[02/28/22, 10:16:02:323] info: Breadcrumb: electron: WebContents[2].dom-ready 
[02/28/22, 10:16:02:324] info: registerLifeCycleEvents: webContents:2 from 'unloaded' to 'loaded' took 348 ms 
[02/28/22, 10:16:02:324] info: Store: UPSERT_WEB_CONTENTS 
{
  "id": 2,
  "state": "loaded"
}
[02/28/22, 10:16:02:327] info: registerLifeCycleEvents: webContents:2 is type 'auth' 
[02/28/22, 10:16:02:327] info: Store: UPSERT_WEB_CONTENTS 
{
  "id": 2,
  "type": "auth",
  "history": "[REDACTED]"
}
[02/28/22, 10:16:02:330] info: registerLifeCycleEvents: webContents:2 from 'loaded' to 'page-closed' took 3 ms 
[02/28/22, 10:16:02:330] info: Store: UPSERT_WEB_CONTENTS 
{
  "id": 2,
  "state": "page-closed"
}
[02/28/22, 10:16:02:331] info: Breadcrumb: electron: WebContents[2].destroyed 
[02/28/22, 10:16:02:331] info: Store: REMOVE_WEB_CONTENTS 
{
  "id": 2
}
[02/28/22, 10:16:02:757] info: Breadcrumb: electron: WebContents[1].dom-ready 
[02/28/22, 10:16:02:757] info: registerLifeCycleEvents: webContents:1 from 'loaded' to 'loaded' took 443 ms 
[02/28/22, 10:16:02:757] info: Store: UPSERT_WEB_CONTENTS 
{
  "id": 1,
  "state": "loaded"
}
[02/28/22, 10:16:02:910] info: waitAuthCookieChange: waiting for auth change for session 
{
  "sessionId": "PROD_DEFAULT_SESSION"
}
[02/28/22, 10:16:03:416] info: Store: SET_NETWORK_STATUS online
[02/28/22, 10:16:04:413] info: Store: UPDATE_SETTINGS 
{
  "userTheme": "light"
}
[02/28/22, 10:16:04:414] info: Store: UPDATE_SETTINGS 
{
  "systemThemeSyncEnabled": false
}
[02/28/22, 10:16:04:461] info: Store: SYNC (Empty)
[02/28/22, 10:16:04:462] info: Store: SELECTION_CHANGED TD2R95D62
[02/28/22, 10:16:04:491] info: Store: REDUX_UPDATE_FROM_WEBAPP (TD2R95D62) Changed keys [theme,notificationPrefs,connectivityPrefs,featureFlags,unreads,locale,version,userId]
[02/28/22, 10:16:04:496] info: Store: REDUX_UPDATE_FROM_WEBAPP (TD2R95D62) Changed keys [featureFlags,userId]
[02/28/22, 10:16:04:497] info: Store: REDUX_UPDATE_FROM_WEBAPP (TD2R95D62) Changed keys [notificationPrefs,unreads]
[02/28/22, 10:16:04:498] info: Store: REDUX_UPDATE_FROM_WEBAPP (TD2R95D62) Changed keys [connectivityPrefs]
[02/28/22, 10:16:04:543] info: Store: SYNC Synced 1 workspaces with IDs [TD2R95D62]
[02/28/22, 10:16:04:547] info: Store: SELECTION_CHANGED TD2R95D62
[02/28/22, 10:16:04:726] info: Store: UPDATE_SETTINGS 
{
  "forceHiddenInsetTitleBar": false
}
[02/28/22, 10:16:04:728] info: Store: UPDATE_SETTINGS 
{
  "trafficLightPosition": {
    "x": 14,
    "y": 22
  }
}
[02/28/22, 10:16:04:729] info: Store: UPDATE_SETTINGS 
{
  "isIAEnabled": true
}
[02/28/22, 10:16:04:735] info: Store: EXTEND_MENU global: menucategory-file,menucategory-view,menucategory-jump-to
[02/28/22, 10:16:04:739] info: Store: EXTEND_MENU TD2R95D62: menucategory-file,menucategory-view,menucategory-edit,menucategory-history,menucategory-help
[02/28/22, 10:16:04:860] info: Store: EXTEND_MENU global: menucategory-file,menucategory-view,menucategory-jump-to
[02/28/22, 10:16:05:244] info: Breadcrumb: electron: app.browser-window-focus 
[02/28/22, 10:16:05:244] info: Store: SET_WINDOW_FRAME 
{
  "id": 1,
  "frame": {
    "isFocused": true
  },
  "fromEvent": true
}
[02/28/22, 10:16:06:027] info: Store: REDUX_UPDATE_FROM_WEBAPP (T021DNU7SRH) Changed keys [theme,notificationPrefs,connectivityPrefs,featureFlags,unreads,locale,version,userId]
[02/28/22, 10:16:06:028] info: Store: REDUX_UPDATE_FROM_WEBAPP (T021DNU7SRH) Changed keys [featureFlags,userId]
[02/28/22, 10:16:06:030] info: Store: REDUX_UPDATE_FROM_WEBAPP (T021DNU7SRH) Changed keys [theme,notificationPrefs,unreads]
[02/28/22, 10:16:06:031] info: Store: REDUX_UPDATE_FROM_WEBAPP (T021DNU7SRH) Changed keys [connectivityPrefs]
[02/28/22, 10:16:06:059] info: Store: SYNC Synced 2 workspaces with IDs [TD2R95D62,T021DNU7SRH]
[02/28/22, 10:16:06:065] info: Store: SELECTION_CHANGED TD2R95D62
[02/28/22, 10:16:06:066] info: registerLifeCycleEvents: webContents:1 from 'loaded' to 'webapp-loaded' took 3308 ms 
[02/28/22, 10:16:06:066] info: Store: UPSERT_WEB_CONTENTS 
{
  "id": 1,
  "state": "webapp-loaded"
}
[02/28/22, 10:16:06:068] info: Store: RECORD_PERFORMANCE_TIMING 
{
  "phase": 3,
  "interval": 164374
}
[02/28/22, 10:16:06:108] info: Store: UPDATE_SETTINGS 
{
  "releaseChannelOverride": "prod"
}
[02/28/22, 10:16:07:683] info: Breadcrumb: electron: app.browser-window-blur 
[02/28/22, 10:16:07:683] info: Store: SET_WINDOW_FRAME 
{
  "id": 1,
  "frame": {
    "isFocused": false
  },
  "fromEvent": true
}
[02/28/22, 10:16:08:363] info: Breadcrumb: electron: app.browser-window-focus 
[02/28/22, 10:16:08:364] info: Store: SET_WINDOW_FRAME 
{
  "id": 1,
  "frame": {
    "isFocused": true
  },
  "fromEvent": true
}
[02/28/22, 10:16:08:510] info: Store: EXTEND_MENU global: menucategory-file,menucategory-view,menucategory-jump-to
[02/28/22, 10:16:09:361] info: Store: SET_WINDOW_FRAME 
{
  "id": 1,
  "frame": {
    "bounds": {
      "x": 25,
      "y": 50,
      "width": 1870,
      "height": 1005
    },
    "isMaximized": false
  },
  "fromEvent": true
}
[02/28/22, 10:16:09:363] info: Store: SET_WINDOW_FRAME 
{
  "id": 1,
  "frame": {
    "bounds": {
      "x": 25,
      "y": 50,
      "width": 1870,
      "height": 1005
    },
    "isMaximized": false
  },
  "fromEvent": true
}
[02/28/22, 10:16:09:427] info: Store: UPDATE_SETTINGS 
{
  "mainWindowSettings": {
    "fullScreen": false,
    "maximized": false,
    "bounds": {
      "x": 25,
      "y": 50,
      "width": 1870,
      "height": 1005
    }
  }
}
[02/28/22, 10:16:09:868] info: Store: EXTEND_MENU TD2R95D62: menucategory-file,menucategory-view,menucategory-edit,menucategory-history,menucategory-help
[02/28/22, 10:16:11:061] info: Store: persist/FLUSH 
[02/28/22, 10:16:16:528] info: Store: EXTEND_MENU T021DNU7SRH: menucategory-file,menucategory-view,menucategory-edit,menucategory-history,menucategory-help
[02/28/22, 10:16:16:540] info: Store: SELECTION_CHANGED T021DNU7SRH
[02/28/22, 10:16:23:416] info: Store: ZOOM_IN 
[02/28/22, 10:16:26:227] info: Store: EXTEND_MENU T021DNU7SRH: menucategory-file,menucategory-view,menucategory-edit,menucategory-history,menucategory-help
[02/28/22, 10:16:37:397] info: Breadcrumb: electron: app.browser-window-blur 
[02/28/22, 10:16:37:397] info: Store: SET_WINDOW_FRAME 
{
  "id": 1,
  "frame": {
    "isFocused": false
  },
  "fromEvent": true
}
[02/28/22, 10:19:12:146] info: Breadcrumb: electron: app.browser-window-focus 
[02/28/22, 10:19:12:147] info: Store: SET_WINDOW_FRAME 
{
  "id": 1,
  "frame": {
    "isFocused": true
  },
  "fromEvent": true
}
[02/28/22, 10:19:13:364] info: Breadcrumb: electron: app.browser-window-blur 
[02/28/22, 10:19:13:365] info: Store: SET_WINDOW_FRAME 
{
  "id": 1,
  "frame": {
    "isFocused": false
  },
  "fromEvent": true
}
[02/28/22, 10:32:52:574] info: Store: SET_SYSTEM_IDLE idle
[02/28/22, 10:36:22:736] info: Store: SET_SYSTEM_IDLE active
[02/28/22, 10:36:54:431] info: Breadcrumb: electron: app.browser-window-focus 
[02/28/22, 10:36:54:432] info: Store: SET_WINDOW_FRAME 
{
  "id": 1,
  "frame": {
    "isFocused": true
  },
  "fromEvent": true
}
[02/28/22, 10:36:56:165] info: Breadcrumb: electron: app.browser-window-blur 
[02/28/22, 10:36:56:166] info: Store: SET_WINDOW_FRAME 
{
  "id": 1,
  "frame": {
    "isFocused": false
  },
  "fromEvent": true
}
[02/28/22, 10:37:46:301] info: Store: UPDATE_SETTINGS 
{
  "launchOnStartup": true
}
[02/28/22, 10:37:46:309] info: AutoLaunch: Enabled 
[02/28/22, 10:44:43:114] info: Store: SET_SYSTEM_IDLE idle
[02/28/22, 11:13:21:165] info: Feature Check: requesting features from https://app.slack.com/api/ 
[02/28/22, 11:13:21:302] info: Feature Check: received experiments 
{
  "ok": true,
  "experiments": []
}
[02/28/22, 12:13:21:170] info: Feature Check: requesting features from https://app.slack.com/api/ 
[02/28/22, 12:13:21:303] info: Feature Check: received experiments 
{
  "ok": true,
  "experiments": []
}
[02/28/22, 12:48:02:745] info: Breadcrumb: electron: PowerMonitor.suspend 
[02/28/22, 12:48:02:746] info: Store: SET_SUSPEND_STATUS 
[02/28/22, 12:48:03:307] info: Permission request denied: 
{
  "isMainFrame": false,
  "permission": "background-sync",
  "requestingOrigin": "https://slack.com/"
}
[02/28/22, 12:48:03:313] info: Store: SET_NETWORK_STATUS offline
[02/28/22, 12:49:31:807] info: Breadcrumb: electron: PowerMonitor.resume 
[02/28/22, 12:49:31:808] info: Store: POWER_RESUMED 
[02/28/22, 12:49:31:808] info: Store: SET_SUSPEND_STATUS true
[02/28/22, 12:49:34:529] info: Store: SET_SYSTEM_IDLE active
[02/28/22, 12:49:36:045] info: Store: SET_NETWORK_STATUS online
[02/28/22, 12:55:54:836] info: Store: SET_SYSTEM_IDLE idle
[02/28/22, 12:56:44:875] info: Store: SET_SYSTEM_IDLE active
[02/28/22, 12:57:44:910] info: Store: SET_SYSTEM_IDLE idle
[02/28/22, 12:58:44:959] info: Store: SET_SYSTEM_IDLE active
[02/28/22, 13:00:02:379] info: Breadcrumb: electron: PowerMonitor.suspend 
[02/28/22, 13:00:02:379] info: Store: SET_SUSPEND_STATUS 
[02/28/22, 13:00:02:914] info: Permission request denied: 
{
  "isMainFrame": false,
  "permission": "background-sync",
  "requestingOrigin": "https://slack.com/"
}
[02/28/22, 13:00:02:919] info: Store: SET_NETWORK_STATUS offline
[02/28/22, 13:06:27:738] info: Breadcrumb: electron: PowerMonitor.resume 
[02/28/22, 13:06:27:738] info: Store: POWER_RESUMED 
[02/28/22, 13:06:27:738] info: Store: SET_SUSPEND_STATUS true
[02/28/22, 13:06:32:456] info: Store: SET_NETWORK_STATUS online
[02/28/22, 13:12:17:873] info: Store: SET_SYSTEM_IDLE idle
[02/28/22, 13:12:57:905] info: Store: SET_SYSTEM_IDLE active
[02/28/22, 13:13:03:502] info: Breadcrumb: electron: app.browser-window-focus 
[02/28/22, 13:13:03:503] info: Store: SET_WINDOW_FRAME 
{
  "id": 1,
  "frame": {
    "isFocused": true
  },
  "fromEvent": true
}
[02/28/22, 13:13:05:451] info: Breadcrumb: electron: app.browser-window-blur 
[02/28/22, 13:13:05:452] info: Store: SET_WINDOW_FRAME 
{
  "id": 1,
  "frame": {
    "isFocused": false
  },
  "fromEvent": true
}
[02/28/22, 13:16:02:391] info: Store: SET_WINDOW_FRAME 
{
  "id": 1,
  "frame": {
    "bounds": {
      "x": 25,
      "y": 50,
      "width": 920,
      "height": 1005
    },
    "isMaximized": false
  },
  "fromEvent": true
}
[02/28/22, 13:16:02:457] info: Store: UPDATE_SETTINGS 
{
  "mainWindowSettings": {
    "fullScreen": false,
    "maximized": false,
    "bounds": {
      "x": 25,
      "y": 50,
      "width": 920,
      "height": 1005
    }
  }
}
[02/28/22, 13:16:48:103] info: Store: SET_SYSTEM_IDLE idle
[02/28/22, 13:17:48:147] info: Store: SET_SYSTEM_IDLE active
[02/28/22, 13:21:08:192] info: Feature Check: requesting features from https://app.slack.com/api/ 
[02/28/22, 13:21:08:375] info: Feature Check: received experiments 
{
  "ok": true,
  "experiments": []
}
[02/28/22, 13:24:19:795] info: Store: SET_SYSTEM_IDLE idle
[02/28/22, 13:24:29:799] info: Store: SET_SYSTEM_IDLE active
[02/28/22, 13:26:35:972] info: Store: EXTEND_MENU global: menucategory-file,menucategory-view,menucategory-jump-to
[02/28/22, 13:26:36:160] info: Breadcrumb: electron: app.browser-window-focus 
[02/28/22, 13:26:36:161] info: Store: SET_WINDOW_FRAME 
{
  "id": 1,
  "frame": {
    "isFocused": true
  },
  "fromEvent": true
}
[02/28/22, 13:26:36:888] info: Store: SET_WINDOW_FRAME 
{
  "id": 1,
  "frame": {
    "bounds": {
      "x": 25,
      "y": 50,
      "width": 600,
      "height": 1005
    },
    "isMaximized": false
  },
  "fromEvent": true
}
[02/28/22, 13:26:36:953] info: Store: UPDATE_SETTINGS 
{
  "mainWindowSettings": {
    "fullScreen": false,
    "maximized": false,
    "bounds": {
      "x": 25,
      "y": 50,
      "width": 600,
      "height": 1005
    }
  }
}
[02/28/22, 13:26:37:514] info: Breadcrumb: electron: app.browser-window-blur 
[02/28/22, 13:26:37:514] info: Store: SET_WINDOW_FRAME 
{
  "id": 1,
  "frame": {
    "isFocused": false
  },
  "fromEvent": true
}
[02/28/22, 13:26:41:685] info: Store: EXTEND_MENU global: menucategory-file,menucategory-view,menucategory-jump-to
[02/28/22, 13:26:42:594] info: Store: SET_WINDOW_FRAME 
{
  "id": 1,
  "frame": {
    "bounds": {
      "x": 25,
      "y": 50,
      "width": 920,
      "height": 1005
    },
    "isMaximized": false
  },
  "fromEvent": true
}
[02/28/22, 13:26:42:662] info: Store: UPDATE_SETTINGS 
{
  "mainWindowSettings": {
    "fullScreen": false,
    "maximized": false,
    "bounds": {
      "x": 25,
      "y": 50,
      "width": 920,
      "height": 1005
    }
  }
}
[02/28/22, 13:26:50:290] info: Breadcrumb: electron: app.browser-window-focus 
[02/28/22, 13:26:50:290] info: Store: SET_WINDOW_FRAME 
{
  "id": 1,
  "frame": {
    "isFocused": true
  },
  "fromEvent": true
}
[02/28/22, 13:26:50:292] info: Breadcrumb: electron: app.browser-window-blur 
[02/28/22, 13:26:50:293] info: Store: SET_WINDOW_FRAME 
{
  "id": 1,
  "frame": {
    "isFocused": false
  },
  "fromEvent": true
}
[02/28/22, 13:26:50:296] info: Breadcrumb: electron: app.browser-window-focus 
[02/28/22, 13:26:50:296] info: Store: SET_WINDOW_FRAME 
{
  "id": 1,
  "frame": {
    "isFocused": true
  },
  "fromEvent": true
}
[02/28/22, 13:26:50:298] info: Breadcrumb: electron: app.browser-window-blur 
[02/28/22, 13:26:50:298] info: Store: SET_WINDOW_FRAME 
{
  "id": 1,
  "frame": {
    "isFocused": false
  },
  "fromEvent": true
}
[02/28/22, 13:27:15:329] info: Store: EXTEND_MENU global: menucategory-file,menucategory-view,menucategory-jump-to
[02/28/22, 13:27:16:243] info: Store: SET_WINDOW_FRAME 
{
  "id": 1,
  "frame": {
    "bounds": {
      "x": 25,
      "y": 50,
      "width": 600,
      "height": 1005
    },
    "isMaximized": false
  },
  "fromEvent": true
}
[02/28/22, 13:27:16:308] info: Store: UPDATE_SETTINGS 
{
  "mainWindowSettings": {
    "fullScreen": false,
    "maximized": false,
    "bounds": {
      "x": 25,
      "y": 50,
      "width": 600,
      "height": 1005
    }
  }
}
[02/28/22, 13:27:17:241] info: Store: EXTEND_MENU global: menucategory-file,menucategory-view,menucategory-jump-to
[02/28/22, 13:27:18:155] info: Store: SET_WINDOW_FRAME 
{
  "id": 1,
  "frame": {
    "bounds": {
      "x": 25,
      "y": 50,
      "width": 920,
      "height": 1005
    },
    "isMaximized": false
  },
  "fromEvent": true
}
[02/28/22, 13:27:18:221] info: Store: UPDATE_SETTINGS 
{
  "mainWindowSettings": {
    "fullScreen": false,
    "maximized": false,
    "bounds": {
      "x": 25,
      "y": 50,
      "width": 920,
      "height": 1005
    }
  }
}
[02/28/22, 13:28:09:973] info: Store: SET_SYSTEM_IDLE idle
[02/28/22, 13:28:39:996] info: Store: SET_SYSTEM_IDLE active
[02/28/22, 13:29:50:052] info: Store: SET_SYSTEM_IDLE idle
[02/28/22, 13:30:20:073] info: Store: SET_SYSTEM_IDLE active
[02/28/22, 13:30:57:902] info: Breadcrumb: electron: app.browser-window-focus 
[02/28/22, 13:30:57:902] info: Store: SET_WINDOW_FRAME 
{
  "id": 1,
  "frame": {
    "isFocused": true
  },
  "fromEvent": true
}
[02/28/22, 13:30:57:904] info: Breadcrumb: electron: app.browser-window-blur 
[02/28/22, 13:30:57:904] info: Store: SET_WINDOW_FRAME 
{
  "id": 1,
  "frame": {
    "isFocused": false
  },
  "fromEvent": true
}
[02/28/22, 13:30:57:905] info: Breadcrumb: electron: app.browser-window-focus 
[02/28/22, 13:30:57:906] info: Store: SET_WINDOW_FRAME 
{
  "id": 1,
  "frame": {
    "isFocused": true
  },
  "fromEvent": true
}
[02/28/22, 13:30:57:907] info: Breadcrumb: electron: app.browser-window-blur 
[02/28/22, 13:30:57:907] info: Store: SET_WINDOW_FRAME 
{
  "id": 1,
  "frame": {
    "isFocused": false
  },
  "fromEvent": true
}
[02/28/22, 13:31:12:817] info: Breadcrumb: electron: app.browser-window-focus 
[02/28/22, 13:31:12:817] info: Store: SET_WINDOW_FRAME 
{
  "id": 1,
  "frame": {
    "isFocused": true
  },
  "fromEvent": true
}
[02/28/22, 13:31:13:818] info: Store: SET_WINDOW_FRAME 
{
  "id": 1,
  "frame": {
    "bounds": {
      "x": 25,
      "y": 50,
      "width": 1870,
      "height": 1005
    },
    "isMaximized": false
  },
  "fromEvent": true
}
[02/28/22, 13:31:13:885] info: Store: UPDATE_SETTINGS 
{
  "mainWindowSettings": {
    "fullScreen": false,
    "maximized": false,
    "bounds": {
      "x": 25,
      "y": 50,
      "width": 1870,
      "height": 1005
    }
  }
}
[02/28/22, 13:31:13:923] info: Breadcrumb: electron: app.browser-window-blur 
[02/28/22, 13:31:13:923] info: Store: SET_WINDOW_FRAME 
{
  "id": 1,
  "frame": {
    "isFocused": false
  },
  "fromEvent": true
}
[02/28/22, 13:34:10:263] info: Store: SET_SYSTEM_IDLE idle
[02/28/22, 13:34:20:266] info: Store: SET_SYSTEM_IDLE active
[02/28/22, 13:43:34:880] info: Breadcrumb: electron: app.browser-window-focus 
[02/28/22, 13:43:34:880] info: Store: SET_WINDOW_FRAME 
{
  "id": 1,
  "frame": {
    "isFocused": true
  },
  "fromEvent": true
}
[02/28/22, 13:43:36:283] info: Breadcrumb: electron: app.browser-window-blur 
[02/28/22, 13:43:36:284] info: Store: SET_WINDOW_FRAME 
{
  "id": 1,
  "frame": {
    "isFocused": false
  },
  "fromEvent": true
}
[02/28/22, 13:43:41:035] info: Breadcrumb: electron: app.browser-window-focus 
[02/28/22, 13:43:41:035] info: Store: SET_WINDOW_FRAME 
{
  "id": 1,
  "frame": {
    "isFocused": true
  },
  "fromEvent": true
}
[02/28/22, 13:43:41:609] info: Breadcrumb: electron: app.browser-window-blur 
[02/28/22, 13:43:41:610] info: Store: SET_WINDOW_FRAME 
{
  "id": 1,
  "frame": {
    "isFocused": false
  },
  "fromEvent": true
}
[02/28/22, 13:43:45:941] info: Breadcrumb: electron: app.browser-window-focus 
[02/28/22, 13:43:45:941] info: Store: SET_WINDOW_FRAME 
{
  "id": 1,
  "frame": {
    "isFocused": true
  },
  "fromEvent": true
}
[02/28/22, 13:43:46:930] info: Breadcrumb: electron: app.browser-window-blur 
[02/28/22, 13:43:46:931] info: Store: SET_WINDOW_FRAME 
{
  "id": 1,
  "frame": {
    "isFocused": false
  },
  "fromEvent": true
}
[02/28/22, 13:43:52:123] info: Breadcrumb: electron: app.browser-window-focus 
[02/28/22, 13:43:52:123] info: Store: SET_WINDOW_FRAME 
{
  "id": 1,
  "frame": {
    "isFocused": true
  },
  "fromEvent": true
}
[02/28/22, 13:43:52:593] info: Breadcrumb: electron: app.browser-window-blur 
[02/28/22, 13:43:52:593] info: Store: SET_WINDOW_FRAME 
{
  "id": 1,
  "frame": {
    "isFocused": false
  },
  "fromEvent": true
}
[02/28/22, 13:43:57:896] info: Breadcrumb: electron: app.browser-window-focus 
[02/28/22, 13:43:57:897] info: Store: SET_WINDOW_FRAME 
{
  "id": 1,
  "frame": {
    "isFocused": true
  },
  "fromEvent": true
}
[02/28/22, 13:43:58:348] info: Breadcrumb: electron: app.browser-window-blur 
[02/28/22, 13:43:58:349] info: Store: SET_WINDOW_FRAME 
{
  "id": 1,
  "frame": {
    "isFocused": false
  },
  "fromEvent": true
}
[02/28/22, 13:44:00:100] info: Breadcrumb: electron: app.browser-window-focus 
[02/28/22, 13:44:00:100] info: Store: SET_WINDOW_FRAME 
{
  "id": 1,
  "frame": {
    "isFocused": true
  },
  "fromEvent": true
}
[02/28/22, 13:44:00:433] info: Breadcrumb: electron: app.browser-window-blur 
[02/28/22, 13:44:00:433] info: Store: SET_WINDOW_FRAME 
{
  "id": 1,
  "frame": {
    "isFocused": false
  },
  "fromEvent": true
}
[02/28/22, 13:44:22:963] info: Breadcrumb: electron: app.browser-window-focus 
[02/28/22, 13:44:22:963] info: Store: SET_WINDOW_FRAME 
{
  "id": 1,
  "frame": {
    "isFocused": true
  },
  "fromEvent": true
}
[02/28/22, 13:44:23:500] info: Breadcrumb: electron: app.browser-window-blur 
[02/28/22, 13:44:23:501] info: Store: SET_WINDOW_FRAME 
{
  "id": 1,
  "frame": {
    "isFocused": false
  },
  "fromEvent": true
}
[02/28/22, 13:44:34:578] info: Breadcrumb: electron: PowerMonitor.suspend 
[02/28/22, 13:44:34:578] info: Store: SET_SUSPEND_STATUS 
[02/28/22, 13:44:35:136] info: Permission request denied: 
{
  "isMainFrame": false,
  "permission": "background-sync",
  "requestingOrigin": "https://slack.com/"
}
[02/28/22, 13:44:35:141] info: Store: SET_NETWORK_STATUS offline
[03/01/22, 21:29:41:731] info: Breadcrumb: electron: PowerMonitor.resume 
[03/01/22, 21:29:41:732] info: Store: POWER_RESUMED 
[03/01/22, 21:29:41:732] info: Store: SET_SUSPEND_STATUS true
[03/01/22, 21:29:46:385] info: Store: SET_NETWORK_STATUS online
[03/01/22, 21:29:56:188] info: Breadcrumb: electron: app.browser-window-focus 
[03/01/22, 21:29:56:189] info: Store: SET_WINDOW_FRAME 
{
  "id": 1,
  "frame": {
    "isFocused": true
  },
  "fromEvent": true
}
[03/01/22, 21:29:57:548] info: Breadcrumb: electron: app.browser-window-blur 
[03/01/22, 21:29:57:549] info: Store: SET_WINDOW_FRAME 
{
  "id": 1,
  "frame": {
    "isFocused": false
  },
  "fromEvent": true
}
[03/01/22, 21:32:34:378] info: Store: SET_SYSTEM_IDLE idle
[03/01/22, 21:33:14:409] info: Store: SET_SYSTEM_IDLE active
[03/01/22, 21:34:24:453] info: Store: SET_SYSTEM_IDLE idle
[03/01/22, 21:34:34:456] info: Store: SET_SYSTEM_IDLE active
[03/01/22, 21:36:24:532] info: Store: SET_SYSTEM_IDLE idle
[03/01/22, 21:36:44:546] info: Store: SET_SYSTEM_IDLE active
[03/01/22, 21:44:04:909] info: Store: SET_SYSTEM_IDLE idle
[03/01/22, 21:44:14:911] info: Store: SET_SYSTEM_IDLE active
[03/01/22, 21:51:34:342] info: Store: SET_SYSTEM_IDLE idle
[03/01/22, 21:55:34:537] info: Store: SET_SYSTEM_IDLE active
[03/01/22, 21:56:34:582] info: Store: SET_SYSTEM_IDLE idle
[03/01/22, 21:56:44:586] info: Store: SET_SYSTEM_IDLE active
[03/01/22, 21:57:34:620] info: Store: SET_SYSTEM_IDLE idle
[03/01/22, 21:57:44:622] info: Store: SET_SYSTEM_IDLE active
[03/01/22, 21:58:17:733] info: Store: SET_WINDOW_FRAME 
{
  "id": 1,
  "frame": {
    "bounds": {
      "x": 25,
      "y": 50,
      "width": 1870,
      "height": 1005
    },
    "isMaximized": false
  },
  "fromEvent": true
}
[03/01/22, 21:58:17:800] info: Store: UPDATE_SETTINGS 
{
  "mainWindowSettings": {
    "fullScreen": false,
    "maximized": false,
    "bounds": {
      "x": 25,
      "y": 50,
      "width": 1870,
      "height": 1005
    }
  }
}
[03/01/22, 21:59:04:679] info: Store: SET_SYSTEM_IDLE idle
[03/01/22, 21:59:14:683] info: Store: SET_SYSTEM_IDLE active
[03/01/22, 22:00:04:711] info: Store: SET_SYSTEM_IDLE idle
[03/01/22, 22:02:54:852] info: Store: SET_SYSTEM_IDLE active
[03/01/22, 22:05:14:977] info: Store: SET_SYSTEM_IDLE idle
[03/01/22, 22:06:12:138] info: Feature Check: requesting features from https://app.slack.com/api/ 
[03/01/22, 22:06:12:353] info: Feature Check: received experiments 
{
  "ok": true,
  "experiments": []
}
[03/01/22, 22:08:07:566] info: Breadcrumb: electron: PowerMonitor.suspend 
[03/01/22, 22:08:07:567] info: Store: SET_SUSPEND_STATUS 
[03/01/22, 22:08:08:102] info: Store: SET_NETWORK_STATUS offline
[03/08/22, 12:46:28:736] info: Breadcrumb: electron: PowerMonitor.resume 
[03/08/22, 12:46:28:736] info: Store: POWER_RESUMED 
[03/08/22, 12:46:28:737] info: Store: SET_SUSPEND_STATUS true
[03/08/22, 12:46:32:616] info: Store: SET_SYSTEM_IDLE active
[03/08/22, 12:46:33:626] info: Store: SET_NETWORK_STATUS online
[03/08/22, 12:46:34:375] info: Store: UPSERT_WEB_CONTENTS 
{
  "id": 1,
  "history": "[REDACTED]"
}
[03/08/22, 12:46:34:590] info: Breadcrumb: electron: WebContents[1].dom-ready 
[03/08/22, 12:46:34:590] info: registerLifeCycleEvents: webContents:1 from 'webapp-loaded' to 'loaded' took 215 ms 
[03/08/22, 12:46:34:591] info: Store: UPSERT_WEB_CONTENTS 
{
  "id": 1,
  "state": "loaded"
}
[03/08/22, 12:46:34:762] info: waitAuthCookieChange: waiting for auth change for session 
{
  "sessionId": "PROD_DEFAULT_SESSION"
}
[03/08/22, 12:46:35:938] info: Store: UPDATE_SETTINGS 
{
  "userTheme": "light"
}
[03/08/22, 12:46:35:939] info: Store: UPDATE_SETTINGS 
{
  "systemThemeSyncEnabled": false
}
[03/08/22, 12:46:35:982] info: Store: SYNC (Empty)
[03/08/22, 12:46:35:988] info: Store: SELECTION_CHANGED T021DNU7SRH
[03/08/22, 12:46:36:038] info: Store: REDUX_UPDATE_FROM_WEBAPP (T021DNU7SRH) Changed keys [theme,notificationPrefs,connectivityPrefs,featureFlags,unreads,locale,version,userId]
[03/08/22, 12:46:36:042] info: Store: REDUX_UPDATE_FROM_WEBAPP (T021DNU7SRH) Changed keys [featureFlags,userId]
[03/08/22, 12:46:36:045] info: Store: REDUX_UPDATE_FROM_WEBAPP (T021DNU7SRH) Changed keys [theme,notificationPrefs,unreads]
[03/08/22, 12:46:36:047] info: Store: REDUX_UPDATE_FROM_WEBAPP (T021DNU7SRH) Changed keys [connectivityPrefs]
[03/08/22, 12:46:36:107] info: Store: SYNC Synced 1 workspaces with IDs [T021DNU7SRH]
[03/08/22, 12:46:36:110] info: Store: SELECTION_CHANGED T021DNU7SRH
[03/08/22, 12:46:36:276] info: Store: UPDATE_SETTINGS 
{
  "forceHiddenInsetTitleBar": false
}
[03/08/22, 12:46:36:278] info: Store: UPDATE_SETTINGS 
{
  "trafficLightPosition": {
    "x": 14,
    "y": 22
  }
}
[03/08/22, 12:46:36:279] info: Store: UPDATE_SETTINGS 
{
  "isIAEnabled": true
}
[03/08/22, 12:46:36:280] info: Store: EXTEND_MENU global: menucategory-file,menucategory-view,menucategory-jump-to
[03/08/22, 12:46:36:283] info: Store: EXTEND_MENU T021DNU7SRH: menucategory-file,menucategory-view,menucategory-edit,menucategory-history,menucategory-help
[03/08/22, 12:46:36:744] info: Store: SET_NETWORK_STATUS online
[03/08/22, 12:46:37:342] info: Store: REDUX_UPDATE_FROM_WEBAPP (T021DNU7SRH) Changed keys [unreads]
